<?xml version="1.0" encoding="UTF-8"?>
<testsuite name="cursova"
           tests="5"
           failures="1"
           errors="0"
           skipped="0"
           time="8.459">
    <properties></properties>

            <testcase
                name="createProjectWithUniqueIDName"
                time="5.192"
                classname="ui.CreateProject.CreateProjectInvalid">

            <failure type="com.codeborne.selenide.ex.InvalidStateError" message="Invalid element state [#main ul li:first-child a]: element click intercepted: Element &lt;a href=&quot;/project/create/personal&quot; class=&quot;js-modal-medium&quot; title=&quot;&quot;&gt;...&lt;/a&gt; is not clickable at point (96, 57). Other element would receive the click: &lt;div id=&quot;modal-overlay&quot;&gt;...&lt;/div&gt;
Screenshot: file:/home/dmytro/IdeaProjects/cursova/cursova-dm/build/reports/tests/1726385771214.0.png
Page source: file:/home/dmytro/IdeaProjects/cursova/cursova-dm/build/reports/tests/1726385771214.0.html
Timeout: 4 s.
Caused by: ElementClickInterceptedException: element click intercepted: Element &lt;a href=&quot;/project/create/personal&quot; class=&quot;js-modal-medium&quot; title=&quot;&quot;&gt;...&lt;/a&gt; is not clickable at point (96, 57). Other element would receive the click: &lt;div id=&quot;modal-overlay&quot;&gt;...&lt;/div&gt;">
                <![CDATA[Invalid element state [#main ul li:first-child a]: element click intercepted: Element <a href="/project/create/personal" class="js-modal-medium" title="">...</a> is not clickable at point (96, 57). Other element would receive the click: <div id="modal-overlay">...</div>
Screenshot: file:/home/dmytro/IdeaProjects/cursova/cursova-dm/build/reports/tests/1726385771214.0.png
Page source: file:/home/dmytro/IdeaProjects/cursova/cursova-dm/build/reports/tests/1726385771214.0.html
Timeout: 4 s.
Caused by: ElementClickInterceptedException: element click intercepted: Element <a href="/project/create/personal" class="js-modal-medium" title="">...</a> is not clickable at point (96, 57). Other element would receive the click: <div id="modal-overlay">...</div>
                com.codeborne.selenide.impl.ExceptionWrapper.wrap(ExceptionWrapper.java:26)com.codeborne.selenide.impl.SelenideElementProxy.dispatchAndRetry(SelenideElementProxy.java:156)com.codeborne.selenide.impl.SelenideElementProxy.invoke(SelenideElementProxy.java:86)jdk.proxy2/jdk.proxy2.$Proxy15.click(Unknown Source)ui.CreateProject.CreateProjectInvalid.clickNewProjectLink(CreateProjectInvalid.java:94)ui.CreateProject.CreateProjectInvalid.createProjectWithUniqueIDName(CreateProjectInvalid.java:65)java.base/jdk.internal.reflect.DirectMethodHandleAccessor.invoke(DirectMethodHandleAccessor.java:103)java.base/java.lang.reflect.Method.invoke(Method.java:580)org.testng.internal.invokers.MethodInvocationHelper.invokeMethod(MethodInvocationHelper.java:141)org.testng.internal.invokers.TestInvoker.invokeMethod(TestInvoker.java:686)org.testng.internal.invokers.TestInvoker.invokeTestMethod(TestInvoker.java:230)org.testng.internal.invokers.MethodRunner.runInSequence(MethodRunner.java:63)org.testng.internal.invokers.TestInvoker$MethodInvocationAgent.invoke(TestInvoker.java:992)org.testng.internal.invokers.TestInvoker.invokeTestMethods(TestInvoker.java:203)org.testng.internal.invokers.TestMethodWorker.invokeTestMethods(TestMethodWorker.java:154)org.testng.internal.invokers.TestMethodWorker.run(TestMethodWorker.java:134)java.base/java.util.ArrayList.forEach(ArrayList.java:1597)org.testng.TestRunner.privateRun(TestRunner.java:739)org.testng.TestRunner.run(TestRunner.java:614)org.testng.SuiteRunner.runTest(SuiteRunner.java:421)org.testng.SuiteRunner.runSequentially(SuiteRunner.java:413)org.testng.SuiteRunner.privateRun(SuiteRunner.java:373)org.testng.SuiteRunner.run(SuiteRunner.java:312)org.testng.SuiteRunnerWorker.runSuite(SuiteRunnerWorker.java:52)org.testng.SuiteRunnerWorker.run(SuiteRunnerWorker.java:95)org.testng.TestNG.runSuitesSequentially(TestNG.java:1274)org.testng.TestNG.runSuitesLocally(TestNG.java:1208)org.testng.TestNG.runSuites(TestNG.java:1112)org.testng.TestNG.run(TestNG.java:1079)com.intellij.rt.testng.IDEARemoteTestNG.run(IDEARemoteTestNG.java:65)com.intellij.rt.testng.RemoteTestNGStarter.main(RemoteTestNGStarter.java:105)
                    Caused by: org.openqa.selenium.ElementClickInterceptedException: element click intercepted: Element <a href="/project/create/personal" class="js-modal-medium" title="">...</a> is not clickable at point (96, 57). Other element would receive the click: <div id="modal-overlay">...</div>
  (Session info: chrome=126.0.6478.114)
Build info: version: '4.23.0', revision: '4df0a231af'
System info: os.name: 'Linux', os.arch: 'amd64', os.version: '5.15.0-121-generic', java.version: '22.0.1'
Driver info: org.openqa.selenium.chrome.ChromeDriver
Command: [e4bfdb923140c996729731a7ebba2385, clickElement {id=f.142D5C3E2B7675CD6DF37F62A7942FBA.d.2A2DDA3E88E934A0D4745A3BCDBBA303.e.30}]
Capabilities {acceptInsecureCerts: true, browserName: chrome, browserVersion: 126.0.6478.114, chrome: {chromedriverVersion: 126.0.6478.182 (5b5d8292ddf..., userDataDir: /tmp/.org.chromium.Chromium...}, fedcm:accounts: true, goog:chromeOptions: {debuggerAddress: localhost:37675}, networkConnectionEnabled: false, pageLoadStrategy: normal, platformName: linux, proxy: Proxy(), se:cdp: ws://localhost:37675/devtoo..., se:cdpVersion: 126.0.6478.114, setWindowRect: true, strictFileInteractability: false, timeouts: {implicit: 0, pageLoad: 300000, script: 30000}, unhandledPromptBehavior: accept, webauthn:extension:credBlob: true, webauthn:extension:largeBlob: true, webauthn:extension:minPinLength: true, webauthn:extension:prf: true, webauthn:virtualAuthenticators: true}
Element: [[ChromeDriver: chrome on linux (e4bfdb923140c996729731a7ebba2385)] -> css selector: #main ul li:first-child a]
Session ID: e4bfdb923140c996729731a7ebba2385
                    java.base/jdk.internal.reflect.DirectConstructorHandleAccessor.newInstance(DirectConstructorHandleAccessor.java:62)java.base/java.lang.reflect.Constructor.newInstanceWithCaller(Constructor.java:502)java.base/java.lang.reflect.Constructor.newInstance(Constructor.java:486)org.openqa.selenium.remote.ErrorCodec.decode(ErrorCodec.java:167)org.openqa.selenium.remote.codec.w3c.W3CHttpResponseCodec.decode(W3CHttpResponseCodec.java:138)org.openqa.selenium.remote.codec.w3c.W3CHttpResponseCodec.decode(W3CHttpResponseCodec.java:50)org.openqa.selenium.remote.HttpCommandExecutor.execute(HttpCommandExecutor.java:190)org.openqa.selenium.remote.service.DriverCommandExecutor.invokeExecute(DriverCommandExecutor.java:216)org.openqa.selenium.remote.service.DriverCommandExecutor.execute(DriverCommandExecutor.java:174)org.openqa.selenium.remote.RemoteWebDriver.execute(RemoteWebDriver.java:527)org.openqa.selenium.remote.RemoteWebElement.execute(RemoteWebElement.java:223)org.openqa.selenium.remote.RemoteWebElement.click(RemoteWebElement.java:76)com.codeborne.selenide.commands.Click.defaultClick(Click.java:106)com.codeborne.selenide.commands.Click.doClick(Click.java:83)com.codeborne.selenide.commands.Click.click(Click.java:59)com.codeborne.selenide.commands.Click.execute(Click.java:34)com.codeborne.selenide.commands.Click.execute(Click.java:26)com.codeborne.selenide.commands.Commands.execute(Commands.java:162)com.codeborne.selenide.impl.SelenideElementProxy.dispatchAndRetry(SelenideElementProxy.java:134)com.codeborne.selenide.impl.SelenideElementProxy.invoke(SelenideElementProxy.java:86)jdk.proxy2/jdk.proxy2.$Proxy15.click(Unknown Source)ui.CreateProject.CreateProjectInvalid.clickNewProjectLink(CreateProjectInvalid.java:94)ui.CreateProject.CreateProjectInvalid.createProjectWithUniqueIDName(CreateProjectInvalid.java:65)java.base/jdk.internal.reflect.DirectMethodHandleAccessor.invoke(DirectMethodHandleAccessor.java:103)java.base/java.lang.reflect.Method.invoke(Method.java:580)org.testng.internal.invokers.MethodInvocationHelper.invokeMethod(MethodInvocationHelper.java:141)org.testng.internal.invokers.TestInvoker.invokeMethod(TestInvoker.java:686)org.testng.internal.invokers.TestInvoker.invokeTestMethod(TestInvoker.java:230)org.testng.internal.invokers.MethodRunner.runInSequence(MethodRunner.java:63)org.testng.internal.invokers.TestInvoker$MethodInvocationAgent.invoke(TestInvoker.java:992)org.testng.internal.invokers.TestInvoker.invokeTestMethods(TestInvoker.java:203)org.testng.internal.invokers.TestMethodWorker.invokeTestMethods(TestMethodWorker.java:154)org.testng.internal.invokers.TestMethodWorker.run(TestMethodWorker.java:134)java.base/java.util.ArrayList.forEach(ArrayList.java:1597)org.testng.TestRunner.privateRun(TestRunner.java:739)org.testng.TestRunner.run(TestRunner.java:614)org.testng.SuiteRunner.runTest(SuiteRunner.java:421)org.testng.SuiteRunner.runSequentially(SuiteRunner.java:413)org.testng.SuiteRunner.privateRun(SuiteRunner.java:373)org.testng.SuiteRunner.run(SuiteRunner.java:312)org.testng.SuiteRunnerWorker.runSuite(SuiteRunnerWorker.java:52)org.testng.SuiteRunnerWorker.run(SuiteRunnerWorker.java:95)org.testng.TestNG.runSuitesSequentially(TestNG.java:1274)org.testng.TestNG.runSuitesLocally(TestNG.java:1208)org.testng.TestNG.runSuites(TestNG.java:1112)org.testng.TestNG.run(TestNG.java:1079)com.intellij.rt.testng.IDEARemoteTestNG.run(IDEARemoteTestNG.java:65)com.intellij.rt.testng.RemoteTestNGStarter.main(RemoteTestNGStarter.java:105)
                ]]>
            </failure>
    </testcase>


            <testcase
                name="createProjectWithoutName"
                time="0.470"
                classname="ui.CreateProject.CreateProjectInvalid">
            </testcase>
            <testcase
                name="clickOnCreateProject"
                time="0.358"
                classname="ui.CreateProject.CreateProjectInvalid">
            </testcase>
            <testcase
                name="validLoginTest"
                time="1.573"
                classname="ui.CreateProject.CreateProjectInvalid">
            </testcase>
            <testcase
                name="createProjectWithInvalidIdentifier"
                time="0.866"
                classname="ui.CreateProject.CreateProjectInvalid">
            </testcase>
</testsuite>
