<!doctype html>
<html lang="">
<head>
    <meta charset="UTF-8">
    <meta name="viewport"
          content="width=device-width, user-scalable=no, initial-scale=1.0, maximum-scale=1.0, minimum-scale=1.0">
    <meta http-equiv="X-UA-Compatible" content="ie=edge">
    <title>Test Results Report - Login User</title>

    <link href="reportng.css" rel="stylesheet" type="text/css"/>
</head>
<body>
<div id="meta">
Generated by <a href="http://www.testng.org" target="_blank">TestNG</a> with <a href="https://github.com/testng-team/reportng" target="_blank">ReportNG</a>
at 21:25 EEST on Sunday 15 September 2024
    <br/><span
    id="systemInfo">dmytro@dmytro-ThinkBook-14-G2-ITL&nbsp;/&nbsp;Java 22.0.1 (Oracle Corporation)&nbsp;/&nbsp;Linux 5.15.0-121-generic (amd64)</span>
</div>
<h1>Login User</h1>

<p>
    <a href="index.html">Suites</a>
        &#183; <a href="output.html">Log Output</a>
</p>

<p>Test duration
    : 9.408s</p>


    <table class="resultsTable">
        <tr>
            <th colspan="3" class="header failed">Failed Tests</th>
        </tr>
            <tr>
                <td class="group" colspan="3">ui.LoginTests.LoginTestsInvalid</td>
            </tr>
    <tr>
        <td class="method">
                invalidPasswordTest
        </td>
        <td class="duration">
            4.159s
        </td>
        <td class="result">
            <!-- Display the dependencies for skipped test methods -->


            <!-- Show logger output for the test -->

                <a href="javascript:toggleElement('exception-0', 'block')"
                   title="Click to expand/collapse">
                    <b>Element not found {#form-username}<br/>
Expected: editable<br/>
Screenshot: file:/home/dmytro/IdeaProjects/cursova/cursova-dm/build/reports/tests/1726424776032.0.png<br/>
Page source: file:/home/dmytro/IdeaProjects/cursova/cursova-dm/build/reports/tests/1726424776032.0.html<br/>
Timeout: 4 s.<br/>
Caused by: NoSuchElementException: no such element: Unable to locate element: {&quot;method&quot;:&quot;css selector&quot;,&quot;selector&quot;:&quot;#form-username&quot;}</b>
                </a>
                <br/>
                <div class="stackTrace" id="exception-0">
                        com.codeborne.selenide.impl.WebElementSource.createElementNotFoundError(WebElementSource.java:90)<br/>
                        com.codeborne.selenide.impl.ElementFinder.createElementNotFoundError(ElementFinder.java:142)<br/>
                        com.codeborne.selenide.impl.WebElementSource.handleError(WebElementSource.java:142)<br/>
                        com.codeborne.selenide.impl.WebElementSource.checkConditionAndReturnElement(WebElementSource.java:126)<br/>
                        com.codeborne.selenide.impl.WebElementSource.findAndAssertElementIsEditable(WebElementSource.java:189)<br/>
                        com.codeborne.selenide.commands.SetValue.setValueForTextInput(SetValue.java:58)<br/>
                        com.codeborne.selenide.commands.SetValue.execute(SetValue.java:43)<br/>
                        com.codeborne.selenide.commands.SetValue.execute(SetValue.java:25)<br/>
                        com.codeborne.selenide.commands.Commands.execute(Commands.java:162)<br/>
                        com.codeborne.selenide.impl.SelenideElementProxy.dispatchAndRetry(SelenideElementProxy.java:134)<br/>
                        com.codeborne.selenide.impl.SelenideElementProxy.invoke(SelenideElementProxy.java:86)<br/>
                        jdk.proxy2/jdk.proxy2.$Proxy30.setValue(Unknown Source)<br/>
                        utils.Login.enterUsername(Login.java:24)<br/>
                        utils.Login.performLogin(Login.java:40)<br/>
                        ui.LoginTests.LoginTestsInvalid.invalidPasswordTest(LoginTestsInvalid.java:61)<br/>
                        java.base/jdk.internal.reflect.DirectMethodHandleAccessor.invoke(DirectMethodHandleAccessor.java:103)<br/>
                        java.base/java.lang.reflect.Method.invoke(Method.java:580)<br/>
                        org.testng.internal.invokers.MethodInvocationHelper.invokeMethod(MethodInvocationHelper.java:141)<br/>
                        org.testng.internal.invokers.TestInvoker.invokeMethod(TestInvoker.java:686)<br/>
                        org.testng.internal.invokers.TestInvoker.invokeTestMethod(TestInvoker.java:230)<br/>
                        org.testng.internal.invokers.MethodRunner.runInSequence(MethodRunner.java:63)<br/>
                        org.testng.internal.invokers.TestInvoker$MethodInvocationAgent.invoke(TestInvoker.java:992)<br/>
                        org.testng.internal.invokers.TestInvoker.invokeTestMethods(TestInvoker.java:203)<br/>
                        org.testng.internal.invokers.TestMethodWorker.invokeTestMethods(TestMethodWorker.java:154)<br/>
                        org.testng.internal.invokers.TestMethodWorker.run(TestMethodWorker.java:134)<br/>
                        java.base/java.util.ArrayList.forEach(ArrayList.java:1597)<br/>
                        org.testng.TestRunner.privateRun(TestRunner.java:739)<br/>
                        org.testng.TestRunner.run(TestRunner.java:614)<br/>
                        org.testng.SuiteRunner.runTest(SuiteRunner.java:421)<br/>
                        org.testng.SuiteRunner.runSequentially(SuiteRunner.java:413)<br/>
                        org.testng.SuiteRunner.privateRun(SuiteRunner.java:373)<br/>
                        org.testng.SuiteRunner.run(SuiteRunner.java:312)<br/>
                        org.testng.SuiteRunnerWorker.runSuite(SuiteRunnerWorker.java:52)<br/>
                        org.testng.SuiteRunnerWorker.run(SuiteRunnerWorker.java:95)<br/>
                        org.testng.TestNG.runSuitesSequentially(TestNG.java:1274)<br/>
                        org.testng.TestNG.runSuitesLocally(TestNG.java:1208)<br/>
                        org.testng.TestNG.runSuites(TestNG.java:1112)<br/>
                        org.testng.TestNG.run(TestNG.java:1079)<br/>
                        com.intellij.rt.testng.IDEARemoteTestNG.run(IDEARemoteTestNG.java:65)<br/>
                        com.intellij.rt.testng.RemoteTestNGStarter.main(RemoteTestNGStarter.java:105)<br/>
                        <b>Caused by: </b>
                        <a href="javascript:toggleElement('exception-1', 'block')"
                           title="Click to expand/collapse">
                            org.openqa.selenium.NoSuchElementException: no such element: Unable to locate element: {&quot;method&quot;:&quot;css selector&quot;,&quot;selector&quot;:&quot;#form-username&quot;}<br/>
&nbsp; (Session info: chrome=126.0.6478.114)<br/>
For documentation on this error, please visit: https://www.selenium.dev/documentation/webdriver/troubleshooting/errors#no-such-element-exception<br/>
Build info: version: &apos;4.23.0&apos;, revision: &apos;4df0a231af&apos;<br/>
System info: os.name: &apos;Linux&apos;, os.arch: &apos;amd64&apos;, os.version: &apos;5.15.0-121-generic&apos;, java.version: &apos;22.0.1&apos;<br/>
Driver info: org.openqa.selenium.chrome.ChromeDriver<br/>
Command: [adae84954df5ca3bc7a626f5e756846e, findElement {value=#form-username, using=css selector}]<br/>
Capabilities {acceptInsecureCerts: true, browserName: chrome, browserVersion: 126.0.6478.114, chrome: {chromedriverVersion: 126.0.6478.182 (5b5d8292ddf..., userDataDir: /tmp/.org.chromium.Chromium...}, fedcm:accounts: true, goog:chromeOptions: {debuggerAddress: localhost:45181}, networkConnectionEnabled: false, pageLoadStrategy: normal, platformName: linux, proxy: Proxy(), se:cdp: ws://localhost:45181/devtoo..., se:cdpVersion: 126.0.6478.114, setWindowRect: true, strictFileInteractability: false, timeouts: {implicit: 0, pageLoad: 300000, script: 30000}, unhandledPromptBehavior: accept, webauthn:extension:credBlob: true, webauthn:extension:largeBlob: true, webauthn:extension:minPinLength: true, webauthn:extension:prf: true, webauthn:virtualAuthenticators: true}<br/>
Session ID: adae84954df5ca3bc7a626f5e756846e
                        </a>
                        <br/>
                        <div class="stackTrace" id="exception-1">
                                java.base/jdk.internal.reflect.DirectConstructorHandleAccessor.newInstance(DirectConstructorHandleAccessor.java:62)<br/>
                                java.base/java.lang.reflect.Constructor.newInstanceWithCaller(Constructor.java:502)<br/>
                                java.base/java.lang.reflect.Constructor.newInstance(Constructor.java:486)<br/>
                                org.openqa.selenium.remote.ErrorCodec.decode(ErrorCodec.java:167)<br/>
                                org.openqa.selenium.remote.codec.w3c.W3CHttpResponseCodec.decode(W3CHttpResponseCodec.java:138)<br/>
                                org.openqa.selenium.remote.codec.w3c.W3CHttpResponseCodec.decode(W3CHttpResponseCodec.java:50)<br/>
                                org.openqa.selenium.remote.HttpCommandExecutor.execute(HttpCommandExecutor.java:190)<br/>
                                org.openqa.selenium.remote.service.DriverCommandExecutor.invokeExecute(DriverCommandExecutor.java:216)<br/>
                                org.openqa.selenium.remote.service.DriverCommandExecutor.execute(DriverCommandExecutor.java:174)<br/>
                                org.openqa.selenium.remote.RemoteWebDriver.execute(RemoteWebDriver.java:527)<br/>
                                org.openqa.selenium.remote.ElementLocation$ElementFinder$2.findElement(ElementLocation.java:165)<br/>
                                org.openqa.selenium.remote.ElementLocation.findElement(ElementLocation.java:59)<br/>
                                org.openqa.selenium.remote.RemoteWebDriver.findElement(RemoteWebDriver.java:357)<br/>
                                org.openqa.selenium.remote.RemoteWebDriver.findElement(RemoteWebDriver.java:351)<br/>
                                com.codeborne.selenide.impl.WebElementSelector.findElement(WebElementSelector.java:73)<br/>
                                com.codeborne.selenide.impl.WebElementSelector.findElement(WebElementSelector.java:46)<br/>
                                com.codeborne.selenide.impl.WebElementSelector.findElement(WebElementSelector.java:35)<br/>
                                com.codeborne.selenide.impl.ElementFinder.getWebElement(ElementFinder.java:122)<br/>
                                com.codeborne.selenide.impl.WebElementSource.checkConditionAndReturnElement(WebElementSource.java:115)<br/>
                                com.codeborne.selenide.impl.WebElementSource.findAndAssertElementIsEditable(WebElementSource.java:189)<br/>
                                com.codeborne.selenide.commands.SetValue.setValueForTextInput(SetValue.java:58)<br/>
                                com.codeborne.selenide.commands.SetValue.execute(SetValue.java:43)<br/>
                                com.codeborne.selenide.commands.SetValue.execute(SetValue.java:25)<br/>
                                com.codeborne.selenide.commands.Commands.execute(Commands.java:162)<br/>
                                com.codeborne.selenide.impl.SelenideElementProxy.dispatchAndRetry(SelenideElementProxy.java:134)<br/>
                                com.codeborne.selenide.impl.SelenideElementProxy.invoke(SelenideElementProxy.java:86)<br/>
                                jdk.proxy2/jdk.proxy2.$Proxy30.setValue(Unknown Source)<br/>
                                utils.Login.enterUsername(Login.java:24)<br/>
                                utils.Login.performLogin(Login.java:40)<br/>
                                ui.LoginTests.LoginTestsInvalid.invalidPasswordTest(LoginTestsInvalid.java:61)<br/>
                                java.base/jdk.internal.reflect.DirectMethodHandleAccessor.invoke(DirectMethodHandleAccessor.java:103)<br/>
                                java.base/java.lang.reflect.Method.invoke(Method.java:580)<br/>
                                org.testng.internal.invokers.MethodInvocationHelper.invokeMethod(MethodInvocationHelper.java:141)<br/>
                                org.testng.internal.invokers.TestInvoker.invokeMethod(TestInvoker.java:686)<br/>
                                org.testng.internal.invokers.TestInvoker.invokeTestMethod(TestInvoker.java:230)<br/>
                                org.testng.internal.invokers.MethodRunner.runInSequence(MethodRunner.java:63)<br/>
                                org.testng.internal.invokers.TestInvoker$MethodInvocationAgent.invoke(TestInvoker.java:992)<br/>
                                org.testng.internal.invokers.TestInvoker.invokeTestMethods(TestInvoker.java:203)<br/>
                                org.testng.internal.invokers.TestMethodWorker.invokeTestMethods(TestMethodWorker.java:154)<br/>
                                org.testng.internal.invokers.TestMethodWorker.run(TestMethodWorker.java:134)<br/>
                                java.base/java.util.ArrayList.forEach(ArrayList.java:1597)<br/>
                                org.testng.TestRunner.privateRun(TestRunner.java:739)<br/>
                                org.testng.TestRunner.run(TestRunner.java:614)<br/>
                                org.testng.SuiteRunner.runTest(SuiteRunner.java:421)<br/>
                                org.testng.SuiteRunner.runSequentially(SuiteRunner.java:413)<br/>
                                org.testng.SuiteRunner.privateRun(SuiteRunner.java:373)<br/>
                                org.testng.SuiteRunner.run(SuiteRunner.java:312)<br/>
                                org.testng.SuiteRunnerWorker.runSuite(SuiteRunnerWorker.java:52)<br/>
                                org.testng.SuiteRunnerWorker.run(SuiteRunnerWorker.java:95)<br/>
                                org.testng.TestNG.runSuitesSequentially(TestNG.java:1274)<br/>
                                org.testng.TestNG.runSuitesLocally(TestNG.java:1208)<br/>
                                org.testng.TestNG.runSuites(TestNG.java:1112)<br/>
                                org.testng.TestNG.run(TestNG.java:1079)<br/>
                                com.intellij.rt.testng.IDEARemoteTestNG.run(IDEARemoteTestNG.java:65)<br/>
                                com.intellij.rt.testng.RemoteTestNGStarter.main(RemoteTestNGStarter.java:105)<br/>
                        </div>
                </div>
        </td>
    </tr>
    <tr>
        <td class="method">
                invalidUsernameTest
        </td>
        <td class="duration">
            4.155s
        </td>
        <td class="result">
            <!-- Display the dependencies for skipped test methods -->


            <!-- Show logger output for the test -->

                <a href="javascript:toggleElement('exception-2', 'block')"
                   title="Click to expand/collapse">
                    <b>Element not found {#form-username}<br/>
Expected: editable<br/>
Screenshot: file:/home/dmytro/IdeaProjects/cursova/cursova-dm/build/reports/tests/1726424780202.1.png<br/>
Page source: file:/home/dmytro/IdeaProjects/cursova/cursova-dm/build/reports/tests/1726424780202.1.html<br/>
Timeout: 4 s.<br/>
Caused by: NoSuchElementException: no such element: Unable to locate element: {&quot;method&quot;:&quot;css selector&quot;,&quot;selector&quot;:&quot;#form-username&quot;}</b>
                </a>
                <br/>
                <div class="stackTrace" id="exception-2">
                        com.codeborne.selenide.impl.WebElementSource.createElementNotFoundError(WebElementSource.java:90)<br/>
                        com.codeborne.selenide.impl.ElementFinder.createElementNotFoundError(ElementFinder.java:142)<br/>
                        com.codeborne.selenide.impl.WebElementSource.handleError(WebElementSource.java:142)<br/>
                        com.codeborne.selenide.impl.WebElementSource.checkConditionAndReturnElement(WebElementSource.java:126)<br/>
                        com.codeborne.selenide.impl.WebElementSource.findAndAssertElementIsEditable(WebElementSource.java:189)<br/>
                        com.codeborne.selenide.commands.SetValue.setValueForTextInput(SetValue.java:58)<br/>
                        com.codeborne.selenide.commands.SetValue.execute(SetValue.java:43)<br/>
                        com.codeborne.selenide.commands.SetValue.execute(SetValue.java:25)<br/>
                        com.codeborne.selenide.commands.Commands.execute(Commands.java:162)<br/>
                        com.codeborne.selenide.impl.SelenideElementProxy.dispatchAndRetry(SelenideElementProxy.java:134)<br/>
                        com.codeborne.selenide.impl.SelenideElementProxy.invoke(SelenideElementProxy.java:86)<br/>
                        jdk.proxy2/jdk.proxy2.$Proxy30.setValue(Unknown Source)<br/>
                        utils.Login.enterUsername(Login.java:24)<br/>
                        utils.Login.performLogin(Login.java:40)<br/>
                        ui.LoginTests.LoginTestsInvalid.invalidUsernameTest(LoginTestsInvalid.java:46)<br/>
                        java.base/jdk.internal.reflect.DirectMethodHandleAccessor.invoke(DirectMethodHandleAccessor.java:103)<br/>
                        java.base/java.lang.reflect.Method.invoke(Method.java:580)<br/>
                        org.testng.internal.invokers.MethodInvocationHelper.invokeMethod(MethodInvocationHelper.java:141)<br/>
                        org.testng.internal.invokers.TestInvoker.invokeMethod(TestInvoker.java:686)<br/>
                        org.testng.internal.invokers.TestInvoker.invokeTestMethod(TestInvoker.java:230)<br/>
                        org.testng.internal.invokers.MethodRunner.runInSequence(MethodRunner.java:63)<br/>
                        org.testng.internal.invokers.TestInvoker$MethodInvocationAgent.invoke(TestInvoker.java:992)<br/>
                        org.testng.internal.invokers.TestInvoker.invokeTestMethods(TestInvoker.java:203)<br/>
                        org.testng.internal.invokers.TestMethodWorker.invokeTestMethods(TestMethodWorker.java:154)<br/>
                        org.testng.internal.invokers.TestMethodWorker.run(TestMethodWorker.java:134)<br/>
                        java.base/java.util.ArrayList.forEach(ArrayList.java:1597)<br/>
                        org.testng.TestRunner.privateRun(TestRunner.java:739)<br/>
                        org.testng.TestRunner.run(TestRunner.java:614)<br/>
                        org.testng.SuiteRunner.runTest(SuiteRunner.java:421)<br/>
                        org.testng.SuiteRunner.runSequentially(SuiteRunner.java:413)<br/>
                        org.testng.SuiteRunner.privateRun(SuiteRunner.java:373)<br/>
                        org.testng.SuiteRunner.run(SuiteRunner.java:312)<br/>
                        org.testng.SuiteRunnerWorker.runSuite(SuiteRunnerWorker.java:52)<br/>
                        org.testng.SuiteRunnerWorker.run(SuiteRunnerWorker.java:95)<br/>
                        org.testng.TestNG.runSuitesSequentially(TestNG.java:1274)<br/>
                        org.testng.TestNG.runSuitesLocally(TestNG.java:1208)<br/>
                        org.testng.TestNG.runSuites(TestNG.java:1112)<br/>
                        org.testng.TestNG.run(TestNG.java:1079)<br/>
                        com.intellij.rt.testng.IDEARemoteTestNG.run(IDEARemoteTestNG.java:65)<br/>
                        com.intellij.rt.testng.RemoteTestNGStarter.main(RemoteTestNGStarter.java:105)<br/>
                        <b>Caused by: </b>
                        <a href="javascript:toggleElement('exception-3', 'block')"
                           title="Click to expand/collapse">
                            org.openqa.selenium.NoSuchElementException: no such element: Unable to locate element: {&quot;method&quot;:&quot;css selector&quot;,&quot;selector&quot;:&quot;#form-username&quot;}<br/>
&nbsp; (Session info: chrome=126.0.6478.114)<br/>
For documentation on this error, please visit: https://www.selenium.dev/documentation/webdriver/troubleshooting/errors#no-such-element-exception<br/>
Build info: version: &apos;4.23.0&apos;, revision: &apos;4df0a231af&apos;<br/>
System info: os.name: &apos;Linux&apos;, os.arch: &apos;amd64&apos;, os.version: &apos;5.15.0-121-generic&apos;, java.version: &apos;22.0.1&apos;<br/>
Driver info: org.openqa.selenium.chrome.ChromeDriver<br/>
Command: [adae84954df5ca3bc7a626f5e756846e, findElement {value=#form-username, using=css selector}]<br/>
Capabilities {acceptInsecureCerts: true, browserName: chrome, browserVersion: 126.0.6478.114, chrome: {chromedriverVersion: 126.0.6478.182 (5b5d8292ddf..., userDataDir: /tmp/.org.chromium.Chromium...}, fedcm:accounts: true, goog:chromeOptions: {debuggerAddress: localhost:45181}, networkConnectionEnabled: false, pageLoadStrategy: normal, platformName: linux, proxy: Proxy(), se:cdp: ws://localhost:45181/devtoo..., se:cdpVersion: 126.0.6478.114, setWindowRect: true, strictFileInteractability: false, timeouts: {implicit: 0, pageLoad: 300000, script: 30000}, unhandledPromptBehavior: accept, webauthn:extension:credBlob: true, webauthn:extension:largeBlob: true, webauthn:extension:minPinLength: true, webauthn:extension:prf: true, webauthn:virtualAuthenticators: true}<br/>
Session ID: adae84954df5ca3bc7a626f5e756846e
                        </a>
                        <br/>
                        <div class="stackTrace" id="exception-3">
                                java.base/jdk.internal.reflect.DirectConstructorHandleAccessor.newInstance(DirectConstructorHandleAccessor.java:62)<br/>
                                java.base/java.lang.reflect.Constructor.newInstanceWithCaller(Constructor.java:502)<br/>
                                java.base/java.lang.reflect.Constructor.newInstance(Constructor.java:486)<br/>
                                org.openqa.selenium.remote.ErrorCodec.decode(ErrorCodec.java:167)<br/>
                                org.openqa.selenium.remote.codec.w3c.W3CHttpResponseCodec.decode(W3CHttpResponseCodec.java:138)<br/>
                                org.openqa.selenium.remote.codec.w3c.W3CHttpResponseCodec.decode(W3CHttpResponseCodec.java:50)<br/>
                                org.openqa.selenium.remote.HttpCommandExecutor.execute(HttpCommandExecutor.java:190)<br/>
                                org.openqa.selenium.remote.service.DriverCommandExecutor.invokeExecute(DriverCommandExecutor.java:216)<br/>
                                org.openqa.selenium.remote.service.DriverCommandExecutor.execute(DriverCommandExecutor.java:174)<br/>
                                org.openqa.selenium.remote.RemoteWebDriver.execute(RemoteWebDriver.java:527)<br/>
                                org.openqa.selenium.remote.ElementLocation$ElementFinder$2.findElement(ElementLocation.java:165)<br/>
                                org.openqa.selenium.remote.ElementLocation.findElement(ElementLocation.java:59)<br/>
                                org.openqa.selenium.remote.RemoteWebDriver.findElement(RemoteWebDriver.java:357)<br/>
                                org.openqa.selenium.remote.RemoteWebDriver.findElement(RemoteWebDriver.java:351)<br/>
                                com.codeborne.selenide.impl.WebElementSelector.findElement(WebElementSelector.java:73)<br/>
                                com.codeborne.selenide.impl.WebElementSelector.findElement(WebElementSelector.java:46)<br/>
                                com.codeborne.selenide.impl.WebElementSelector.findElement(WebElementSelector.java:35)<br/>
                                com.codeborne.selenide.impl.ElementFinder.getWebElement(ElementFinder.java:122)<br/>
                                com.codeborne.selenide.impl.WebElementSource.checkConditionAndReturnElement(WebElementSource.java:115)<br/>
                                com.codeborne.selenide.impl.WebElementSource.findAndAssertElementIsEditable(WebElementSource.java:189)<br/>
                                com.codeborne.selenide.commands.SetValue.setValueForTextInput(SetValue.java:58)<br/>
                                com.codeborne.selenide.commands.SetValue.execute(SetValue.java:43)<br/>
                                com.codeborne.selenide.commands.SetValue.execute(SetValue.java:25)<br/>
                                com.codeborne.selenide.commands.Commands.execute(Commands.java:162)<br/>
                                com.codeborne.selenide.impl.SelenideElementProxy.dispatchAndRetry(SelenideElementProxy.java:134)<br/>
                                com.codeborne.selenide.impl.SelenideElementProxy.invoke(SelenideElementProxy.java:86)<br/>
                                jdk.proxy2/jdk.proxy2.$Proxy30.setValue(Unknown Source)<br/>
                                utils.Login.enterUsername(Login.java:24)<br/>
                                utils.Login.performLogin(Login.java:40)<br/>
                                ui.LoginTests.LoginTestsInvalid.invalidUsernameTest(LoginTestsInvalid.java:46)<br/>
                                java.base/jdk.internal.reflect.DirectMethodHandleAccessor.invoke(DirectMethodHandleAccessor.java:103)<br/>
                                java.base/java.lang.reflect.Method.invoke(Method.java:580)<br/>
                                org.testng.internal.invokers.MethodInvocationHelper.invokeMethod(MethodInvocationHelper.java:141)<br/>
                                org.testng.internal.invokers.TestInvoker.invokeMethod(TestInvoker.java:686)<br/>
                                org.testng.internal.invokers.TestInvoker.invokeTestMethod(TestInvoker.java:230)<br/>
                                org.testng.internal.invokers.MethodRunner.runInSequence(MethodRunner.java:63)<br/>
                                org.testng.internal.invokers.TestInvoker$MethodInvocationAgent.invoke(TestInvoker.java:992)<br/>
                                org.testng.internal.invokers.TestInvoker.invokeTestMethods(TestInvoker.java:203)<br/>
                                org.testng.internal.invokers.TestMethodWorker.invokeTestMethods(TestMethodWorker.java:154)<br/>
                                org.testng.internal.invokers.TestMethodWorker.run(TestMethodWorker.java:134)<br/>
                                java.base/java.util.ArrayList.forEach(ArrayList.java:1597)<br/>
                                org.testng.TestRunner.privateRun(TestRunner.java:739)<br/>
                                org.testng.TestRunner.run(TestRunner.java:614)<br/>
                                org.testng.SuiteRunner.runTest(SuiteRunner.java:421)<br/>
                                org.testng.SuiteRunner.runSequentially(SuiteRunner.java:413)<br/>
                                org.testng.SuiteRunner.privateRun(SuiteRunner.java:373)<br/>
                                org.testng.SuiteRunner.run(SuiteRunner.java:312)<br/>
                                org.testng.SuiteRunnerWorker.runSuite(SuiteRunnerWorker.java:52)<br/>
                                org.testng.SuiteRunnerWorker.run(SuiteRunnerWorker.java:95)<br/>
                                org.testng.TestNG.runSuitesSequentially(TestNG.java:1274)<br/>
                                org.testng.TestNG.runSuitesLocally(TestNG.java:1208)<br/>
                                org.testng.TestNG.runSuites(TestNG.java:1112)<br/>
                                org.testng.TestNG.run(TestNG.java:1079)<br/>
                                com.intellij.rt.testng.IDEARemoteTestNG.run(IDEARemoteTestNG.java:65)<br/>
                                com.intellij.rt.testng.RemoteTestNGStarter.main(RemoteTestNGStarter.java:105)<br/>
                        </div>
                </div>
        </td>
    </tr>
    </table>


    <table class="resultsTable" width="100%">
        <tr>
            <th colspan="3" class="header passed">Passed Tests</th>
        </tr>
            <tr>
                <td class="group" colspan="3">api.User.CreateUserAPI</td>
            </tr>
    <tr>
        <td class="method">
                createUserSuccess
        </td>
        <td class="duration">
            0.131s
        </td>
        <td class="result">
            <!-- Display the dependencies for skipped test methods -->


            <!-- Show logger output for the test -->

        </td>
    </tr>
            <tr>
                <td class="group" colspan="3">api.User.RemoveUserAPI</td>
            </tr>
    <tr>
        <td class="method">
                removeUserSuccess
        </td>
        <td class="duration">
            0.082s
        </td>
        <td class="result">
            <!-- Display the dependencies for skipped test methods -->


            <!-- Show logger output for the test -->

        </td>
    </tr>
            <tr>
                <td class="group" colspan="3">ui.LoginTests.LoginTestsValid</td>
            </tr>
    <tr>
        <td class="method">
                validLoginTest
        </td>
        <td class="duration">
            0.879s
        </td>
        <td class="result">
            <!-- Display the dependencies for skipped test methods -->


            <!-- Show logger output for the test -->

        </td>
    </tr>
    </table>

<script type="text/javascript" src="reportng.js"></script>
</body>
